<?xml version="1.0" encoding="UTF-8"?>
<!-- Generated by org.testng.reporters.JUnitReportReporter -->
<testsuite hostname="MININT-OH7C3JN" name="com.fanniemae.testcases.SDETTestCase" tests="1" failures="0" timestamp="20 Jul 2017 20:10:18 GMT" time="5.244" errors="0">
  <testcase name="loginPage" time="5.244" classname="com.fanniemae.testcases.SDETTestCase"/>
</testsuite> <!-- com.fanniemae.testcases.SDETTestCase -->
